<?xml version="1.0" encoding="UTF-8"?>
<!-- Generated by org.testng.reporters.JUnitReportReporter -->
<testsuite hostname="WKSBAN36CHATR08" failures="0" tests="2" name="junit_pkg.newtest1" time="0.007" errors="0" timestamp="2025-03-25T17:53:43 IST" skipped="0">
  <testcase classname="junit_pkg.newtest1" name="test1" time="0.005"/>
  <testcase classname="junit_pkg.newtest1" name="test2" time="0.002"/>
</testsuite> <!-- junit_pkg.newtest1 -->
