<?xml version="1.0" encoding="UTF-8"?>
<!-- Generated by org.testng.reporters.JUnitReportReporter -->
<testsuite hostname="WKSBAN36CHATR08" failures="0" tests="3" name="pkg1.factory_example" time="0.011" errors="0" timestamp="2025-03-26T12:54:07 IST" skipped="0">
  <testcase classname="pkg1.factory_example" name="testMethod" time="0.001"/>
  <testcase classname="pkg1.factory_example" name="testMethod" time="0.009"/>
  <testcase classname="pkg1.factory_example" name="testMethod" time="0.001"/>
</testsuite> <!-- pkg1.factory_example -->
