<?xml version="1.0" encoding="UTF-8"?>
<!-- Generated by org.testng.reporters.JUnitReportReporter -->
<testsuite hostname="WKSBAN36CHATR08" failures="0" tests="6" name="pkg1.DataProviderExample2" time="0.149" errors="0" timestamp="2025-03-27T15:57:02 IST" skipped="0">
  <testcase classname="pkg1.DataProviderExample2" name="test_product_name" time="0.022"/>
  <testcase classname="pkg1.DataProviderExample2" name="test_product_name" time="0.021"/>
  <testcase classname="pkg1.DataProviderExample2" name="test_product_name" time="0.022"/>
  <testcase classname="pkg1.DataProviderExample2" name="test_product_name" time="0.034"/>
  <testcase classname="pkg1.DataProviderExample2" name="test_product_name" time="0.025"/>
  <testcase classname="pkg1.DataProviderExample2" name="test_product_name" time="0.025"/>
</testsuite> <!-- pkg1.DataProviderExample2 -->
