<?xml version="1.0" encoding="UTF-8"?>
<!-- Generated by org.testng.reporters.JUnitReportReporter -->
<testsuite hostname="WKSBAN36CHATR08" failures="0" tests="2" name="pkg1.dependency1" time="0.008" errors="0" timestamp="2025-03-27T11:45:13 IST" skipped="0">
  <testcase classname="pkg1.dependency1" name="login" time="0.007"/>
  <testcase classname="pkg1.dependency1" name="verifyDashboard" time="0.001"/>
</testsuite> <!-- pkg1.dependency1 -->
