<?xml version="1.0" encoding="UTF-8"?>
<!-- Generated by org.testng.reporters.JUnitReportReporter -->
<testsuite hostname="WKSBAN36CHATR08" failures="0" tests="3" name="pkg1.factory_example2" time="54.821" errors="0" timestamp="2025-03-26T13:13:02 IST" skipped="0">
  <testcase classname="pkg1.factory_example2" name="testMethod" time="19.878"/>
  <testcase classname="pkg1.factory_example2" name="testMethod" time="11.041"/>
  <testcase classname="pkg1.factory_example2" name="testMethod" time="23.902"/>
</testsuite> <!-- pkg1.factory_example2 -->
