<?xml version="1.0" encoding="UTF-8"?>
<!-- Generated by org.testng.reporters.JUnitReportReporter -->
<testsuite hostname="WKSBAN36CHATR08" failures="0" tests="4" name="pkg1.DataProviderExample" time="0.007" errors="0" timestamp="2025-03-27T15:31:01 IST" skipped="0">
  <testcase classname="pkg1.DataProviderExample" name="testlogin" time="0.001"/>
  <testcase classname="pkg1.DataProviderExample" name="testlogin" time="0.000"/>
  <testcase classname="pkg1.DataProviderExample" name="testlogin" time="0.005"/>
  <testcase classname="pkg1.DataProviderExample" name="testlogin" time="0.001"/>
</testsuite> <!-- pkg1.DataProviderExample -->
