<?xml version="1.0" encoding="UTF-8"?>
<!-- Generated by org.testng.reporters.JUnitReportReporter -->
<testsuite hostname="WKSBAN36CHATR08" failures="0" tests="4" name="pkg1.new_groups" time="0.010" errors="0" timestamp="2025-03-27T14:29:40 IST" skipped="0">
  <testcase classname="pkg1.new_groups" name="t4" time="0.001"/>
  <testcase classname="pkg1.new_groups" name="t2" time="0.001"/>
  <testcase classname="pkg1.new_groups" name="t3" time="0.001"/>
  <testcase classname="pkg1.new_groups" name="t1" time="0.007"/>
</testsuite> <!-- pkg1.new_groups -->
