<?xml version="1.0" encoding="UTF-8"?>
<!-- Generated by org.testng.reporters.JUnitReportReporter -->
<testsuite hostname="WKSBAN36CHATR08" failures="0" tests="1" name="pkg1.classes1" time="9.467" errors="0" timestamp="2025-03-27T14:27:59 IST" skipped="0">
  <testcase classname="pkg1.classes1" name="test1" time="9.467"/>
</testsuite> <!-- pkg1.classes1 -->
