<?xml version="1.0" encoding="UTF-8"?>
<!-- Generated by org.testng.reporters.JUnitReportReporter -->
<testsuite hostname="WKSBAN36CHATR08" failures="0" tests="3" name="pkg1.assertions" time="0.012" errors="0" timestamp="2025-03-27T11:50:55 IST" skipped="0">
  <testcase classname="pkg1.assertions" name="test2" time="0.002"/>
  <testcase classname="pkg1.assertions" name="test3" time="0.001"/>
  <testcase classname="pkg1.assertions" name="test1" time="0.009">
    <system-out>
      <![CDATA[Expectedhello]]>
    </system-out>
  </testcase> <!-- test1 -->
  <system-out>
    <![CDATA[Expectedhello]]>
  </system-out>
</testsuite> <!-- pkg1.assertions -->
