<?xml version="1.0" encoding="UTF-8"?>
<!-- Generated by org.testng.reporters.JUnitReportReporter -->
<testsuite hostname="WKSBAN36CHATR08" failures="0" tests="1" name="runner.runner" time="8.910" errors="0" timestamp="2025-04-01T17:12:25 IST" skipped="0">
  <testcase classname="runner.runner" name="runScenario" time="8.910"/>
</testsuite> <!-- runner.runner -->
